{"level":"\u001b[32minfo\u001b[39m","message":"{\"method\":\"POST\",\"url\":\"/api/v1/admin/auth/login\",\"status\":\"200\",\"responseTime\":\"128.664\"}","timestamp":"2024-11-23T07:11:07.873Z"}
{"level":"\u001b[32minfo\u001b[39m","message":"{\"method\":\"POST\",\"url\":\"/api/v1/admin/auth/login\",\"status\":\"200\",\"responseTime\":\"117.289\"}","timestamp":"2024-11-23T07:12:29.641Z"}
{"level":"\u001b[32minfo\u001b[39m","message":"{\"method\":\"POST\",\"url\":\"/api/v1/admin/auth/login\",\"status\":\"200\",\"responseTime\":\"117.792\"}","timestamp":"2024-11-23T07:13:11.486Z"}
{"level":"\u001b[32minfo\u001b[39m","message":"{\"method\":\"POST\",\"url\":\"/api/v1/admin/auth/login\",\"status\":\"200\",\"responseTime\":\"110.508\"}","timestamp":"2024-11-23T07:13:35.411Z"}
{"level":"\u001b[32minfo\u001b[39m","message":"{\"method\":\"POST\",\"url\":\"/api/v1/admin/auth/login\",\"status\":\"200\",\"responseTime\":\"96.327\"}","timestamp":"2024-11-23T07:13:39.243Z"}
{"level":"\u001b[32minfo\u001b[39m","message":"{\"method\":\"POST\",\"url\":\"/api/v1/admin/auth/login\",\"status\":\"200\",\"responseTime\":\"124.867\"}","timestamp":"2024-11-23T07:13:42.819Z"}
{"level":"\u001b[32minfo\u001b[39m","message":"{\"method\":\"POST\",\"url\":\"/api/v1/admin/au\",\"status\":\"404\",\"responseTime\":\"1.089\"}","timestamp":"2024-11-23T07:13:59.065Z"}
{"level":"\u001b[32minfo\u001b[39m","message":"this is login","timestamp":"2024-11-23T07:15:47.288Z"}
{"level":"\u001b[32minfo\u001b[39m","message":"{\"method\":\"POST\",\"url\":\"/api/v1/admin/auth/login\",\"status\":\"200\",\"responseTime\":\"123.665\"}","timestamp":"2024-11-23T07:15:47.411Z"}
{"level":"\u001b[33mwarn\u001b[39m","message":"this is login","timestamp":"2024-11-23T07:16:55.145Z"}
{"level":"\u001b[32minfo\u001b[39m","message":"{\"method\":\"POST\",\"url\":\"/api/v1/admin/auth/login\",\"status\":\"200\",\"responseTime\":\"126.164\"}","timestamp":"2024-11-23T07:16:55.272Z"}
{"level":"\u001b[33mwarn\u001b[39m","message":"this is login","timestamp":"2024-11-23T07:31:44.123Z"}
{"level":"\u001b[32minfo\u001b[39m","message":"{\"method\":\"POST\",\"url\":\"/api/v1/admin/auth/login\",\"status\":\"200\",\"responseTime\":\"128.029\"}","timestamp":"2024-11-23T07:31:44.249Z"}
{"level":"\u001b[33mwarn\u001b[39m","message":"\u001b[33mthis is login\u001b[39m","timestamp":"2024-11-23T07:33:33.130Z"}
{"level":"\u001b[32minfo\u001b[39m","message":"{\"method\":\"POST\",\"url\":\"/api/v1/admin/auth/login\",\"status\":\"200\",\"responseTime\":\"153.473\"}","timestamp":"2024-11-23T07:33:33.284Z"}
{"level":"\u001b[33mwarn\u001b[39m","message":"\u001b[1m\u001b[33mthis is login\u001b[39m\u001b[22m","timestamp":"2024-11-23T07:34:57.875Z"}
{"level":"\u001b[32minfo\u001b[39m","message":"{\"method\":\"POST\",\"url\":\"/api/v1/admin/auth/login\",\"status\":\"200\",\"responseTime\":\"124.596\"}","timestamp":"2024-11-23T07:34:58.000Z"}
{"level":"\u001b[32minfo\u001b[39m","message":"{\"method\":\"POST\",\"url\":\"/api/v1/admin/auth/login\",\"status\":\"200\",\"responseTime\":\"118.786\"}","timestamp":"2024-11-23T09:04:08.122Z"}
{"level":"\u001b[32minfo\u001b[39m","message":"{\"method\":\"POST\",\"url\":\"/api/v1/admin/auth/login\",\"status\":\"200\",\"responseTime\":\"121.562\"}","timestamp":"2024-11-23T09:04:29.267Z"}
{"level":"\u001b[32minfo\u001b[39m","message":"{\"method\":\"POST\",\"url\":\"/api/v1/auth/register\",\"status\":\"201\",\"responseTime\":\"128.793\"}","timestamp":"2024-11-24T09:52:40.772Z"}
{"level":"\u001b[32minfo\u001b[39m","message":"{\"method\":\"POST\",\"url\":\"/api/v1/auth/register\",\"status\":\"500\",\"responseTime\":\"3.045\"}","timestamp":"2024-11-24T09:52:58.818Z"}
{"level":"\u001b[32minfo\u001b[39m","message":"{\"method\":\"POST\",\"url\":\"/api/v1/auth/login\",\"status\":\"404\",\"responseTime\":\"6.920\"}","timestamp":"2024-11-24T09:53:22.284Z"}
{"level":"\u001b[32minfo\u001b[39m","message":"{\"method\":\"POST\",\"url\":\"/api/v1/auth/login\",\"status\":\"404\",\"responseTime\":\"3.900\"}","timestamp":"2024-11-24T09:53:31.505Z"}
{"level":"\u001b[32minfo\u001b[39m","message":"{\"method\":\"POST\",\"url\":\"/api/v1/auth/login\",\"status\":\"404\",\"responseTime\":\"2.847\"}","timestamp":"2024-11-24T09:53:45.963Z"}
{"level":"\u001b[32minfo\u001b[39m","message":"{\"method\":\"POST\",\"url\":\"/api/v1/auth/login\",\"status\":\"404\",\"responseTime\":\"2.722\"}","timestamp":"2024-11-24T09:54:00.207Z"}
{"level":"\u001b[32minfo\u001b[39m","message":"{\"method\":\"POST\",\"url\":\"/api/v1/auth/login\",\"status\":\"200\",\"responseTime\":\"106.322\"}","timestamp":"2024-11-24T09:54:35.520Z"}
{"level":"\u001b[32minfo\u001b[39m","message":"{\"method\":\"POST\",\"url\":\"/api/v1/auth/login\",\"status\":\"200\",\"responseTime\":\"94.482\"}","timestamp":"2024-11-24T09:55:05.440Z"}
{"level":"\u001b[32minfo\u001b[39m","message":"{\"method\":\"POST\",\"url\":\"/api/v1/auth/login\",\"status\":\"401\",\"responseTime\":\"93.076\"}","timestamp":"2024-11-24T09:55:11.157Z"}
{"level":"\u001b[32minfo\u001b[39m","message":"{\"method\":\"POST\",\"url\":\"/api/v1/auth/login\",\"status\":\"401\",\"responseTime\":\"93.755\"}","timestamp":"2024-11-24T09:55:17.321Z"}
{"level":"\u001b[32minfo\u001b[39m","message":"{\"method\":\"POST\",\"url\":\"/api/v1/auth/login\",\"status\":\"200\",\"responseTime\":\"93.836\"}","timestamp":"2024-11-24T09:55:23.398Z"}
{"level":"\u001b[32minfo\u001b[39m","message":"{\"method\":\"GET\",\"url\":\"/api/v1/products\",\"status\":\"200\",\"responseTime\":\"14.305\"}","timestamp":"2024-11-24T09:55:41.109Z"}
{"level":"\u001b[32minfo\u001b[39m","message":"{\"method\":\"GET\",\"url\":\"/api/v1/products/6736003b6339a273fc142bf3\",\"status\":\"200\",\"responseTime\":\"4.397\"}","timestamp":"2024-11-24T09:55:52.356Z"}
{"level":"\u001b[32minfo\u001b[39m","message":"{\"method\":\"GET\",\"url\":\"/api/v1/products/6736003b6339a273fc142bf8\",\"status\":\"200\",\"responseTime\":\"5.075\"}","timestamp":"2024-11-24T09:55:55.288Z"}
{"level":"\u001b[32minfo\u001b[39m","message":"{\"method\":\"GET\",\"url\":\"/api/v1/products/6736003b6339a273fc142bf1\",\"status\":\"404\",\"responseTime\":\"2.428\"}","timestamp":"2024-11-24T09:56:00.977Z"}
{"level":"\u001b[32minfo\u001b[39m","message":"{\"method\":\"GET\",\"url\":\"/api/v1/products/6736003b6339a273fc142bf8\",\"status\":\"200\",\"responseTime\":\"2.527\"}","timestamp":"2024-11-24T09:56:07.289Z"}
{"level":"\u001b[32minfo\u001b[39m","message":"{\"method\":\"GET\",\"url\":\"/api/v1/products/category?category=RUNNING&gender=MEN\",\"status\":\"200\",\"responseTime\":\"12.051\"}","timestamp":"2024-11-24T09:56:44.305Z"}
{"level":"\u001b[32minfo\u001b[39m","message":"{\"method\":\"GET\",\"url\":\"/api/v1/products/category?category=RUNNING\",\"status\":\"200\",\"responseTime\":\"22.068\"}","timestamp":"2024-11-24T09:56:51.185Z"}
{"level":"\u001b[32minfo\u001b[39m","message":"{\"method\":\"GET\",\"url\":\"/api/v1/products/category?category=RUNNING&gender=MEN\",\"status\":\"200\",\"responseTime\":\"3.271\"}","timestamp":"2024-11-24T09:56:56.968Z"}
{"level":"\u001b[32minfo\u001b[39m","message":"{\"method\":\"POST\",\"url\":\"/api/v1/cart\",\"status\":\"500\",\"responseTime\":\"4.415\"}","timestamp":"2024-11-24T09:57:45.402Z"}
{"level":"\u001b[32minfo\u001b[39m","message":"{\"method\":\"POST\",\"url\":\"/api/v1/cart\",\"status\":\"500\",\"responseTime\":\"2.332\"}","timestamp":"2024-11-24T09:58:12.930Z"}
{"level":"\u001b[32minfo\u001b[39m","message":"{\"method\":\"POST\",\"url\":\"/api/v1/cart\",\"status\":\"500\",\"responseTime\":\"2.562\"}","timestamp":"2024-11-24T09:58:49.274Z"}
{"level":"\u001b[32minfo\u001b[39m","message":"{\"method\":\"POST\",\"url\":\"/api/v1/cart\",\"status\":\"500\",\"responseTime\":\"12.905\"}","timestamp":"2024-11-24T09:59:02.917Z"}
{"level":"\u001b[32minfo\u001b[39m","message":"{\"method\":\"POST\",\"url\":\"/api/v1/cart\",\"status\":\"500\",\"responseTime\":\"2.936\"}","timestamp":"2024-11-24T09:59:24.084Z"}
{"level":"\u001b[32minfo\u001b[39m","message":"{\"method\":\"POST\",\"url\":\"/api/v1/cart\",\"status\":\"500\",\"responseTime\":\"4.022\"}","timestamp":"2024-11-24T09:59:32.712Z"}
{"level":"\u001b[32minfo\u001b[39m","message":"{\"method\":\"POST\",\"url\":\"/api/v1/cart\",\"status\":\"200\",\"responseTime\":\"58.308\"}","timestamp":"2024-11-24T10:02:19.749Z"}
{"level":"\u001b[32minfo\u001b[39m","message":"{\"method\":\"POST\",\"url\":\"/api/v1/cart\",\"status\":\"200\",\"responseTime\":\"50.818\"}","timestamp":"2024-11-24T10:03:39.302Z"}
{"level":"\u001b[32minfo\u001b[39m","message":"{\"method\":\"GET\",\"url\":\"/api/v1/cart\",\"status\":\"200\",\"responseTime\":\"40.548\"}","timestamp":"2024-11-24T10:04:40.014Z"}
{"level":"\u001b[32minfo\u001b[39m","message":"{\"method\":\"POST\",\"url\":\"/api/v1/cart/6736003b6339a273fc142bf8\",\"status\":\"200\",\"responseTime\":\"73.298\"}","timestamp":"2024-11-24T10:05:27.670Z"}
{"level":"\u001b[32minfo\u001b[39m","message":"{\"method\":\"POST\",\"url\":\"/api/v1/cart/6736003b6339a273fc142bf8\",\"status\":\"200\",\"responseTime\":\"13.664\"}","timestamp":"2024-11-24T10:05:41.226Z"}
{"level":"\u001b[32minfo\u001b[39m","message":"{\"method\":\"POST\",\"url\":\"/api/v1/cart/6736003b6339a273fc142bf8\",\"status\":\"200\",\"responseTime\":\"9.007\"}","timestamp":"2024-11-24T10:05:50.605Z"}
{"level":"\u001b[32minfo\u001b[39m","message":"{\"method\":\"POST\",\"url\":\"/api/v1/cart/6736003b6339a273fc142bf8\",\"status\":\"200\",\"responseTime\":\"8.964\"}","timestamp":"2024-11-24T10:06:34.786Z"}
{"level":"\u001b[32minfo\u001b[39m","message":"{\"method\":\"DELETE\",\"url\":\"/api/v1/cart/6736003b6339a273fc142bf8\",\"status\":\"204\",\"responseTime\":\"24.328\"}","timestamp":"2024-11-24T10:06:54.852Z"}
{"level":"\u001b[32minfo\u001b[39m","message":"{\"method\":\"GET\",\"url\":\"/api/v1/cart\",\"status\":\"200\",\"responseTime\":\"3.736\"}","timestamp":"2024-11-24T10:07:00.232Z"}
{"level":"\u001b[32minfo\u001b[39m","message":"{\"method\":\"GET\",\"url\":\"/api/v1/cart\",\"status\":\"200\",\"responseTime\":\"5.467\"}","timestamp":"2024-11-24T10:07:04.364Z"}
{"level":"\u001b[32minfo\u001b[39m","message":"{\"method\":\"GET\",\"url\":\"/api/v1/products\",\"status\":\"200\",\"responseTime\":\"7.852\"}","timestamp":"2024-11-24T10:07:21.726Z"}
{"level":"\u001b[32minfo\u001b[39m","message":"{\"method\":\"POST\",\"url\":\"/api/v1/cart\",\"status\":\"500\",\"responseTime\":\"3.999\"}","timestamp":"2024-11-24T10:07:59.812Z"}
{"level":"\u001b[32minfo\u001b[39m","message":"{\"method\":\"POST\",\"url\":\"/api/v1/cart\",\"status\":\"200\",\"responseTime\":\"6.972\"}","timestamp":"2024-11-24T10:08:15.981Z"}
{"level":"\u001b[32minfo\u001b[39m","message":"{\"method\":\"POST\",\"url\":\"/api/v1/cart\",\"status\":\"500\",\"responseTime\":\"1.854\"}","timestamp":"2024-11-24T10:09:02.086Z"}
{"level":"\u001b[32minfo\u001b[39m","message":"{\"method\":\"POST\",\"url\":\"/api/v1/cart\",\"status\":\"200\",\"responseTime\":\"7.903\"}","timestamp":"2024-11-24T10:09:16.436Z"}
{"level":"\u001b[32minfo\u001b[39m","message":"{\"method\":\"GET\",\"url\":\"/api/v1/cart\",\"status\":\"200\",\"responseTime\":\"5.096\"}","timestamp":"2024-11-24T10:09:21.571Z"}
{"level":"\u001b[32minfo\u001b[39m","message":"{\"method\":\"DELETE\",\"url\":\"/api/v1/cart/6736003b6339a273fc142bf6\",\"status\":\"204\",\"responseTime\":\"3.541\"}","timestamp":"2024-11-24T10:09:32.583Z"}
{"level":"\u001b[32minfo\u001b[39m","message":"{\"method\":\"GET\",\"url\":\"/api/v1/cart\",\"status\":\"200\",\"responseTime\":\"3.494\"}","timestamp":"2024-11-24T10:09:37.189Z"}
{"level":"\u001b[32minfo\u001b[39m","message":"{\"method\":\"GET\",\"url\":\"/api/v1/cart\",\"status\":\"200\",\"responseTime\":\"3.627\"}","timestamp":"2024-11-24T10:13:04.667Z"}
{"level":"\u001b[32minfo\u001b[39m","message":"{\"method\":\"POST\",\"url\":\"/api/v1/orders\",\"status\":\"201\",\"responseTime\":\"57.875\"}","timestamp":"2024-11-24T10:13:16.202Z"}
{"level":"\u001b[32minfo\u001b[39m","message":"{\"method\":\"GET\",\"url\":\"/api/v1/orders\",\"status\":\"200\",\"responseTime\":\"4.604\"}","timestamp":"2024-11-24T10:14:25.119Z"}
{"level":"\u001b[32minfo\u001b[39m","message":"{\"method\":\"GET\",\"url\":\"/api/v1/orders/6742fc3cf446f0120b0bc909\",\"status\":\"200\",\"responseTime\":\"4.304\"}","timestamp":"2024-11-24T10:14:40.839Z"}
{"level":"\u001b[32minfo\u001b[39m","message":"{\"method\":\"GET\",\"url\":\"/api/v1/admin/stats\",\"status\":\"401\",\"responseTime\":\"1.733\"}","timestamp":"2024-11-24T10:15:04.552Z"}
{"level":"\u001b[32minfo\u001b[39m","message":"{\"method\":\"POST\",\"url\":\"/api/v1/admin/auth/login\",\"status\":\"404\",\"responseTime\":\"4.533\"}","timestamp":"2024-11-24T10:15:24.670Z"}
{"level":"\u001b[32minfo\u001b[39m","message":"{\"method\":\"POST\",\"url\":\"/api/v1/admin/auth/login\",\"status\":\"401\",\"responseTime\":\"92.001\"}","timestamp":"2024-11-24T10:15:31.490Z"}
{"level":"\u001b[32minfo\u001b[39m","message":"{\"method\":\"POST\",\"url\":\"/api/v1/admin/auth/login\",\"status\":\"200\",\"responseTime\":\"96.179\"}","timestamp":"2024-11-24T10:15:38.377Z"}
{"level":"\u001b[32minfo\u001b[39m","message":"{\"method\":\"GET\",\"url\":\"/api/v1/admin/stats\",\"status\":\"200\",\"responseTime\":\"44.374\"}","timestamp":"2024-11-24T10:16:21.686Z"}
{"level":"\u001b[32minfo\u001b[39m","message":"{\"method\":\"GET\",\"url\":\"/api/v1/admin/users\",\"status\":\"200\",\"responseTime\":\"4.330\"}","timestamp":"2024-11-24T10:17:03.194Z"}
{"level":"\u001b[32minfo\u001b[39m","message":"{\"method\":\"GET\",\"url\":\"/api/v1/admin/users/6742f768c331d58d7a394e76\",\"status\":\"200\",\"responseTime\":\"4.576\"}","timestamp":"2024-11-24T10:17:51.707Z"}
{"level":"\u001b[32minfo\u001b[39m","message":"{\"method\":\"GET\",\"url\":\"/api/v1/admin/users/6742f768c331d58d7a394e77\",\"status\":\"404\",\"responseTime\":\"3.966\"}","timestamp":"2024-11-24T10:17:55.821Z"}
{"level":"\u001b[32minfo\u001b[39m","message":"{\"method\":\"GET\",\"url\":\"/api/v1/admin/users/6742f768c331d58d7a394e78\",\"status\":\"404\",\"responseTime\":\"4.574\"}","timestamp":"2024-11-24T10:18:03.876Z"}
{"level":"\u001b[32minfo\u001b[39m","message":"{\"method\":\"GET\",\"url\":\"/api/v1/admin/users/6742f768c331d58d7a394e76\",\"status\":\"200\",\"responseTime\":\"4.269\"}","timestamp":"2024-11-24T10:18:07.048Z"}
{"level":"\u001b[32minfo\u001b[39m","message":"{\"method\":\"GET\",\"url\":\"/api/v1/admin/users/6742f768c331d58d7a\",\"status\":\"500\",\"responseTime\":\"3.249\"}","timestamp":"2024-11-24T10:18:10.739Z"}
{"level":"\u001b[32minfo\u001b[39m","message":"{\"method\":\"GET\",\"url\":\"/api/v1/admin/users/6742f768c331d58d7a394e76\",\"status\":\"200\",\"responseTime\":\"3.183\"}","timestamp":"2024-11-24T10:18:23.566Z"}
{"level":"\u001b[32minfo\u001b[39m","message":"{\"method\":\"POST\",\"url\":\"/api/v1/admin/users/673ad34d722d01dd25e0c839\",\"status\":\"404\",\"responseTime\":\"4.775\"}","timestamp":"2024-11-24T10:18:35.325Z"}
{"level":"\u001b[32minfo\u001b[39m","message":"{\"method\":\"POST\",\"url\":\"/api/v1/admin/users/6742f768c331d58d7a394e76\",\"status\":\"200\",\"responseTime\":\"6.792\"}","timestamp":"2024-11-24T10:18:50.132Z"}
{"level":"\u001b[32minfo\u001b[39m","message":"{\"method\":\"POST\",\"url\":\"/api/v1/admin/users/6742f768c331d58d7a394e76\",\"status\":\"200\",\"responseTime\":\"6.791\"}","timestamp":"2024-11-24T10:18:54.937Z"}
{"level":"\u001b[32minfo\u001b[39m","message":"{\"method\":\"POST\",\"url\":\"/api/v1/admin/users/6742f768c331d58d7a394e76\",\"status\":\"200\",\"responseTime\":\"7.154\"}","timestamp":"2024-11-24T10:19:02.322Z"}
{"level":"\u001b[32minfo\u001b[39m","message":"{\"method\":\"GET\",\"url\":\"/api/v1/admin/orders/list\",\"status\":\"200\",\"responseTime\":\"3.906\"}","timestamp":"2024-11-24T10:19:56.040Z"}
{"level":"\u001b[32minfo\u001b[39m","message":"{\"method\":\"GET\",\"url\":\"/api/v1/admin/orders/6742fc3cf446f0120b0bc909\",\"status\":\"200\",\"responseTime\":\"4.043\"}","timestamp":"2024-11-24T10:20:13.546Z"}
{"level":"\u001b[32minfo\u001b[39m","message":"{\"method\":\"POST\",\"url\":\"/api/v1/admin/orders/673b76bed1628ac6bb53e18a\",\"status\":\"200\",\"responseTime\":\"4.570\"}","timestamp":"2024-11-24T10:20:39.659Z"}
{"level":"\u001b[32minfo\u001b[39m","message":"{\"method\":\"POST\",\"url\":\"/api/v1/admin/orders/6742fc3cf446f0120b0bc909\",\"status\":\"200\",\"responseTime\":\"3.818\"}","timestamp":"2024-11-24T10:20:51.424Z"}
{"level":"\u001b[32minfo\u001b[39m","message":"{\"method\":\"POST\",\"url\":\"/api/v1/admin/orders/6742fc3cf446f0120b0bc901\",\"status\":\"500\",\"responseTime\":\"22.858\"}","timestamp":"2024-11-24T10:23:15.516Z"}
{"level":"\u001b[32minfo\u001b[39m","message":"{\"method\":\"POST\",\"url\":\"/api/v1/admin/orders/6742fc3cf446f0120b0bc909\",\"status\":\"200\",\"responseTime\":\"11.506\"}","timestamp":"2024-11-24T10:23:23.145Z"}
{"level":"\u001b[32minfo\u001b[39m","message":"{\"method\":\"GET\",\"url\":\"/api/v1/admin/stats\",\"status\":\"200\",\"responseTime\":\"11.077\"}","timestamp":"2024-11-24T10:23:52.718Z"}
{"level":"\u001b[32minfo\u001b[39m","message":"{\"method\":\"GET\",\"url\":\"/api/v1/admin/stats\",\"status\":\"200\",\"responseTime\":\"17.636\"}","timestamp":"2024-11-24T10:26:08.677Z"}
{"level":"\u001b[32minfo\u001b[39m","message":"{\"method\":\"GET\",\"url\":\"/api/v1/admin/products\",\"status\":\"200\",\"responseTime\":\"20.002\"}","timestamp":"2024-11-24T10:26:22.373Z"}
{"level":"\u001b[32minfo\u001b[39m","message":"{\"method\":\"POST\",\"url\":\"/api/v1/admin/products\",\"status\":\"201\",\"responseTime\":\"3439.751\"}","timestamp":"2024-11-24T10:26:50.781Z"}
{"level":"\u001b[32minfo\u001b[39m","message":"{\"method\":\"PUT\",\"url\":\"/api/v1/admin/products/6742ff6a62cc2c82f4475e80\",\"status\":\"500\",\"responseTime\":\"3433.268\"}","timestamp":"2024-11-24T10:28:09.305Z"}
{"level":"\u001b[32minfo\u001b[39m","message":"{\"method\":\"PUT\",\"url\":\"/api/v1/admin/products/6742ff6a62cc2c82f4475e80\",\"status\":\"500\",\"responseTime\":\"3767.925\"}","timestamp":"2024-11-24T10:28:30.190Z"}
{"level":"\u001b[32minfo\u001b[39m","message":"{\"method\":\"PUT\",\"url\":\"/api/v1/admin/products/6742ff6a62cc2c82f4475e80\",\"status\":\"201\",\"responseTime\":\"3343.314\"}","timestamp":"2024-11-24T10:29:33.594Z"}
{"level":"\u001b[32minfo\u001b[39m","message":"{\"method\":\"PUT\",\"url\":\"/api/v1/admin/products/6742ff6a62cc2c82f4475e80\",\"status\":\"500\",\"responseTime\":\"23.766\"}","timestamp":"2024-11-24T10:31:15.990Z"}
{"level":"\u001b[32minfo\u001b[39m","message":"{\"method\":\"PUT\",\"url\":\"/api/v1/admin/products/6742ff6a62cc2c82f4475e80\",\"status\":\"500\",\"responseTime\":\"3491.276\"}","timestamp":"2024-11-24T10:33:48.928Z"}
{"level":"\u001b[32minfo\u001b[39m","message":"{\"method\":\"PUT\",\"url\":\"/api/v1/admin/products/6742ff6a62cc2c82f4475e80\",\"status\":\"201\",\"responseTime\":\"3187.320\"}","timestamp":"2024-11-24T10:34:25.722Z"}
{"level":"\u001b[32minfo\u001b[39m","message":"{\"method\":\"PUT\",\"url\":\"/api/v1/admin/products/6742ff6a62cc2c82f4475e80\",\"status\":\"201\",\"responseTime\":\"3189.840\"}","timestamp":"2024-11-24T10:35:49.655Z"}
{"level":"\u001b[32minfo\u001b[39m","message":"{\"method\":\"PUT\",\"url\":\"/api/v1/admin/products/6742ff6a62cc2c82f4475e80\",\"status\":\"201\",\"responseTime\":\"3604.889\"}","timestamp":"2024-11-24T10:36:08.900Z"}
{"level":"\u001b[32minfo\u001b[39m","message":"{\"method\":\"PUT\",\"url\":\"/api/v1/admin/products/6742ff6a62cc2c82f4475e80\",\"status\":\"201\",\"responseTime\":\"3048.870\"}","timestamp":"2024-11-24T10:36:24.503Z"}
{"level":"\u001b[32minfo\u001b[39m","message":"{\"method\":\"PUT\",\"url\":\"/api/v1/admin/products/6742ff6a62cc2c82f4475e80\",\"status\":\"201\",\"responseTime\":\"2873.593\"}","timestamp":"2024-11-24T10:38:36.144Z"}
{"level":"\u001b[32minfo\u001b[39m","message":"{\"method\":\"PUT\",\"url\":\"/api/v1/admin/products/6742ff6a62cc2c82f4475e89\",\"status\":\"500\",\"responseTime\":\"3139.311\"}","timestamp":"2024-11-24T10:38:45.598Z"}
{"level":"\u001b[32minfo\u001b[39m","message":"{\"method\":\"PUT\",\"url\":\"/api/v1/admin/products/6742ff6a62cc2c82f44\",\"status\":\"500\",\"responseTime\":\"3666.168\"}","timestamp":"2024-11-24T10:39:20.027Z"}
{"level":"\u001b[32minfo\u001b[39m","message":"{\"method\":\"PUT\",\"url\":\"/api/v1/admin/products/6742ff6a62cc2c82f4475e80\",\"status\":\"201\",\"responseTime\":\"3107.486\"}","timestamp":"2024-11-24T10:39:30.866Z"}
{"level":"\u001b[32minfo\u001b[39m","message":"{\"method\":\"GET\",\"url\":\"/api/v1/admin/products\",\"status\":\"200\",\"responseTime\":\"16.599\"}","timestamp":"2024-11-24T10:39:47.760Z"}
{"level":"\u001b[32minfo\u001b[39m","message":"{\"method\":\"DELETE\",\"url\":\"/api/v1/admin/users/6742ff6a62cc2c82f4475e89\",\"status\":\"404\",\"responseTime\":\"2.246\"}","timestamp":"2024-11-24T10:40:02.955Z"}
{"level":"\u001b[32minfo\u001b[39m","message":"{\"method\":\"DELETE\",\"url\":\"/api/v1/admin/users/6742ff6a62cc2c82f4475e80\",\"status\":\"404\",\"responseTime\":\"1.921\"}","timestamp":"2024-11-24T10:40:26.109Z"}
{"level":"\u001b[32minfo\u001b[39m","message":"{\"method\":\"DELETE\",\"url\":\"/api/v1/admin/products/6742ff6a62cc2c82f4475e89\",\"status\":\"404\",\"responseTime\":\"5.003\"}","timestamp":"2024-11-24T10:41:34.245Z"}
{"level":"\u001b[32minfo\u001b[39m","message":"{\"method\":\"DELETE\",\"url\":\"/api/v1/admin/products/6742ff6a62cc2c82f4\",\"status\":\"500\",\"responseTime\":\"14.625\"}","timestamp":"2024-11-24T10:42:22.482Z"}
{"level":"\u001b[32minfo\u001b[39m","message":"{\"method\":\"DELETE\",\"url\":\"/api/v1/admin/products/6742ff6a62cc2c82f4475e80\",\"status\":\"200\",\"responseTime\":\"13.439\"}","timestamp":"2024-11-24T10:42:26.940Z"}
